<?xml version="1.0" encoding="UTF-8"?>
<robot generator="Robot 3.2.2 (Python 3.7.7 on darwin)" generated="20201112 20:13:13.878" rpa="false">
<suite id="s1" name="TestSuit2" source="/Users/jinu/PycharmProjects/Robotproject/venv/tests/TestSuit2.robot">
<test id="s1-t1" name="MyFirstTest">
<kw name="Log" library="BuiltIn">
<doc>Logs the given message with the given level.</doc>
<arguments>
<arg>This is my first test</arg>
</arguments>
<msg timestamp="20201112 20:13:14.125" level="INFO">This is my first test</msg>
<status status="PASS" starttime="20201112 20:13:14.124" endtime="20201112 20:13:14.125"></status>
</kw>
<tags>
<tag>smoke</tag>
</tags>
<status status="PASS" starttime="20201112 20:13:14.124" endtime="20201112 20:13:14.125" critical="yes"></status>
</test>
<doc>Suite description</doc>
<status status="PASS" starttime="20201112 20:13:13.879" endtime="20201112 20:13:14.125"></status>
</suite>
<statistics>
<total>
<stat pass="1" fail="0">Critical Tests</stat>
<stat pass="1" fail="0">All Tests</stat>
</total>
<tag>
<stat pass="1" fail="0">smoke</stat>
</tag>
<suite>
<stat pass="1" fail="0" id="s1" name="TestSuit2">TestSuit2</stat>
</suite>
</statistics>
<errors>
</errors>
</robot>
